<?xml version="1.0" encoding="UTF-8"?>
<testng-results ignored="0" total="1" passed="1" failed="0" skipped="0">
  <reporter-output>
  </reporter-output>
  <suite started-at="2023-05-24T10:28:40 IST" name="Default suite" finished-at="2023-05-24T10:28:58 IST" duration-ms="17515">
    <groups>
    </groups>
    <test started-at="2023-05-24T10:28:40 IST" name="Default test" finished-at="2023-05-24T10:28:58 IST" duration-ms="17515">
      <class name="com.qa.testLayer.LogInPageTest">
        <test-method is-config="true" signature="start()[pri:0, instance:com.qa.testLayer.LogInPageTest@291ae]" started-at="2023-05-24T10:28:40 IST" name="start" finished-at="2023-05-24T10:28:41 IST" duration-ms="367" status="PASS">
          <reporter-output>
          </reporter-output>
        </test-method> <!-- start -->
        <test-method is-config="true" signature="setUp()[pri:0, instance:com.qa.testLayer.LogInPageTest@291ae]" started-at="2023-05-24T10:28:41 IST" name="setUp" finished-at="2023-05-24T10:28:43 IST" duration-ms="2320" status="PASS">
          <reporter-output>
          </reporter-output>
        </test-method> <!-- setUp -->
        <test-method signature="verifyLogin()[pri:0, instance:com.qa.testLayer.LogInPageTest@291ae]" started-at="2023-05-24T10:28:43 IST" name="verifyLogin" finished-at="2023-05-24T10:28:53 IST" duration-ms="9506" status="PASS">
          <reporter-output>
          </reporter-output>
        </test-method> <!-- verifyLogin -->
        <test-method is-config="true" signature="tearDown()[pri:0, instance:com.qa.testLayer.LogInPageTest@291ae]" started-at="2023-05-24T10:28:53 IST" name="tearDown" finished-at="2023-05-24T10:28:58 IST" duration-ms="5278" status="PASS">
          <reporter-output>
          </reporter-output>
        </test-method> <!-- tearDown -->
        <test-method is-config="true" signature="stop()[pri:0, instance:com.qa.testLayer.LogInPageTest@291ae]" started-at="2023-05-24T10:28:58 IST" name="stop" finished-at="2023-05-24T10:28:58 IST" duration-ms="0" status="PASS">
          <reporter-output>
          </reporter-output>
        </test-method> <!-- stop -->
      </class> <!-- com.qa.testLayer.LogInPageTest -->
    </test> <!-- Default test -->
  </suite> <!-- Default suite -->
</testng-results>
